<?xml version="1.0" encoding="UTF-8"?>
<testng-results skipped="0" failed="1" total="1" passed="0">
  <reporter-output>
  </reporter-output>
  <suite name="Default suite" duration-ms="180" started-at="2017-07-07T06:28:17Z" finished-at="2017-07-07T06:28:18Z">
    <groups>
    </groups>
    <test name="Default test" duration-ms="180" started-at="2017-07-07T06:28:17Z" finished-at="2017-07-07T06:28:18Z">
      <class name="Admin.MenuTESTTest">
        <test-method status="PASS" signature="initialioseBrowser()[pri:0, instance:Admin.MenuTESTTest@3b2c0e88]" name="initialioseBrowser" is-config="true" duration-ms="16217" started-at="2017-07-07T11:58:01Z" finished-at="2017-07-07T11:58:17Z">
          <reporter-output>
          </reporter-output>
        </test-method> <!-- initialioseBrowser -->
        <test-method status="PASS" signature="beforeSu()[pri:0, instance:Admin.MenuTESTTest@3b2c0e88]" name="beforeSu" is-config="true" duration-ms="70" started-at="2017-07-07T11:58:17Z" depends-on-methods="common_Function.WebDriverPass.initialioseBrowser" finished-at="2017-07-07T11:58:17Z">
          <reporter-output>
          </reporter-output>
        </test-method> <!-- beforeSu -->
        <test-method status="FAIL" signature="admin()[pri:1, instance:Admin.MenuTESTTest@3b2c0e88]" name="admin" duration-ms="10" started-at="2017-07-07T11:58:17Z" finished-at="2017-07-07T11:58:17Z">
          <exception class="java.lang.NullPointerException">
            <full-stacktrace>
              <![CDATA[java.lang.NullPointerException
	at common_Function.ExcelRead.searchSheet(ExcelRead.java:137)
	at Admin.MenuTEST.admin(MenuTEST.java:46)
	at Admin.MenuTESTTest.admin(MenuTESTTest.java:29)
	at sun.reflect.NativeMethodAccessorImpl.invoke0(Native Method)
	at sun.reflect.NativeMethodAccessorImpl.invoke(Unknown Source)
	at sun.reflect.DelegatingMethodAccessorImpl.invoke(Unknown Source)
	at java.lang.reflect.Method.invoke(Unknown Source)
	at org.testng.internal.MethodInvocationHelper.invokeMethod(MethodInvocationHelper.java:85)
	at org.testng.internal.Invoker.invokeMethod(Invoker.java:639)
	at org.testng.internal.Invoker.invokeTestMethod(Invoker.java:816)
	at org.testng.internal.Invoker.invokeTestMethods(Invoker.java:1124)
	at org.testng.internal.TestMethodWorker.invokeTestMethods(TestMethodWorker.java:125)
	at org.testng.internal.TestMethodWorker.run(TestMethodWorker.java:108)
	at org.testng.TestRunner.privateRun(TestRunner.java:774)
	at org.testng.TestRunner.run(TestRunner.java:624)
	at org.testng.SuiteRunner.runTest(SuiteRunner.java:359)
	at org.testng.SuiteRunner.runSequentially(SuiteRunner.java:354)
	at org.testng.SuiteRunner.privateRun(SuiteRunner.java:312)
	at org.testng.SuiteRunner.run(SuiteRunner.java:261)
	at org.testng.SuiteRunnerWorker.runSuite(SuiteRunnerWorker.java:52)
	at org.testng.SuiteRunnerWorker.run(SuiteRunnerWorker.java:86)
	at org.testng.TestNG.runSuitesSequentially(TestNG.java:1215)
	at org.testng.TestNG.runSuitesLocally(TestNG.java:1140)
	at org.testng.TestNG.run(TestNG.java:1048)
	at org.testng.remote.AbstractRemoteTestNG.run(AbstractRemoteTestNG.java:132)
	at org.testng.remote.RemoteTestNG.initAndRun(RemoteTestNG.java:230)
	at org.testng.remote.RemoteTestNG.main(RemoteTestNG.java:76)
]]>
            </full-stacktrace>
          </exception> <!-- java.lang.NullPointerException -->
          <reporter-output>
          </reporter-output>
        </test-method> <!-- admin -->
        <test-method status="PASS" signature="afterMethod(org.testng.ITestResult)[pri:0, instance:Admin.MenuTESTTest@3b2c0e88]" name="afterMethod" is-config="true" duration-ms="160" started-at="2017-07-07T11:58:17Z" finished-at="2017-07-07T11:58:18Z">
          <params>
            <param index="0">
              <value>
                <![CDATA[[TestResult name=admin status=FAILURE method=MenuTESTTest.admin()[pri:1, instance:Admin.MenuTESTTest@3b2c0e88] output={null}]]]>
              </value>
            </param>
          </params>
          <reporter-output>
          </reporter-output>
        </test-method> <!-- afterMethod -->
        <test-method status="PASS" signature="closeBrowser()[pri:0, instance:Admin.MenuTESTTest@3b2c0e88]" name="closeBrowser" is-config="true" duration-ms="911" started-at="2017-07-07T11:58:18Z" finished-at="2017-07-07T11:58:18Z">
          <reporter-output>
          </reporter-output>
        </test-method> <!-- closeBrowser -->
      </class> <!-- Admin.MenuTESTTest -->
    </test> <!-- Default test -->
  </suite> <!-- Default suite -->
</testng-results>
